<?xml version="1.0" encoding="UTF-8"?>
<testsuite name="RESTAPITest" tests="2" skipped="0" failures="0" errors="0" timestamp="2020-09-25T01:31:52" hostname="DESKTOP-K9BLV0I" time="0.087">
  <properties/>
  <testcase name="testListAuthors" classname="RESTAPITest" time="0.061"/>
  <testcase name="testAddAuthor" classname="RESTAPITest" time="0.025"/>
  <system-out><![CDATA[]]></system-out>
  <system-err><![CDATA[]]></system-err>
</testsuite>
